android/app/build/intermediates/manifest_merge_blame_file/debug/manifest-merger-blame-debug-report.txt
1<?xml version="1.0" encoding="utf-8"?>
2<manifest xmlns:android="http://schemas.android.com/apk/res/android"
3    package="com.firebasedemo"
4    android:versionCode="1"
5    android:versionName="1.0" >
6
7    <uses-sdk
8        android:minSdkVersion="21"
9        android:targetSdkVersion="33" />
10
11    <uses-permission android:name="android.permission.SYSTEM_ALERT_WINDOW" />
11-->src/debug/AndroidManifest.xml:5:5-77
11-->src/debug/AndroidManifest.xml:5:22-75
12    <uses-permission android:name="android.permission.INTERNET" />
12-->src/main/AndroidManifest.xml:3:5-67
12-->src/main/AndroidManifest.xml:3:22-64
13    <uses-permission android:name="android.permission.VIBRATE" />
13-->src/main/AndroidManifest.xml:4:2-63
13-->src/main/AndroidManifest.xml:4:19-60
14    <uses-permission android:name="android.permission.RECEIVE_BOOT_COMPLETED" />
14-->src/main/AndroidManifest.xml:5:5-80
14-->src/main/AndroidManifest.xml:5:22-78
15    <uses-permission android:name="android.permission.POST_NOTIFICATIONS" />
15-->src/main/AndroidManifest.xml:6:3-74
15-->src/main/AndroidManifest.xml:6:20-72
16    <uses-permission android:name="android.permission.ACCESS_WIFI_STATE" />
16-->[com.facebook.flipper:flipper:0.182.0] AndroidManifest.xml:16:5-76
16-->[com.facebook.flipper:flipper:0.182.0] AndroidManifest.xml:16:22-73
17    <uses-permission android:name="android.permission.WAKE_LOCK" />
17-->[:react-native-firebase_messaging] AndroidManifest.xml:8:5-68
17-->[:react-native-firebase_messaging] AndroidManifest.xml:8:22-65
18    <uses-permission android:name="android.permission.ACCESS_NETWORK_STATE" /> <!-- Required by older versions of Google Play services to create IID tokens -->
18-->[:react-native-firebase_messaging] AndroidManifest.xml:9:5-79
18-->[:react-native-firebase_messaging] AndroidManifest.xml:9:22-76
19    <uses-permission android:name="com.google.android.c2dm.permission.RECEIVE" />
19-->[com.google.firebase:firebase-messaging:23.4.1] AndroidManifest.xml:26:5-82
19-->[com.google.firebase:firebase-messaging:23.4.1] AndroidManifest.xml:26:22-79
20    <uses-permission android:name="com.google.android.gms.permission.AD_ID" />
20-->[com.google.android.gms:play-services-measurement-api:21.5.1] AndroidManifest.xml:25:5-79
20-->[com.google.android.gms:play-services-measurement-api:21.5.1] AndroidManifest.xml:25:22-76
21    <uses-permission android:name="android.permission.ACCESS_ADSERVICES_ATTRIBUTION" />
21-->[com.google.android.gms:play-services-measurement-api:21.5.1] AndroidManifest.xml:26:5-88
21-->[com.google.android.gms:play-services-measurement-api:21.5.1] AndroidManifest.xml:26:22-85
22    <uses-permission android:name="android.permission.ACCESS_ADSERVICES_AD_ID" />
22-->[com.google.android.gms:play-services-measurement-api:21.5.1] AndroidManifest.xml:27:5-82
22-->[com.google.android.gms:play-services-measurement-api:21.5.1] AndroidManifest.xml:27:22-79
23    <uses-permission android:name="android.permission.FOREGROUND_SERVICE" />
23-->[androidx.work:work-runtime:2.8.0] AndroidManifest.xml:26:5-77
23-->[androidx.work:work-runtime:2.8.0] AndroidManifest.xml:26:22-74
24    <uses-permission android:name="com.google.android.finsky.permission.BIND_GET_INSTALL_REFERRER_SERVICE" />
24-->[com.google.android.gms:play-services-measurement:21.5.1] AndroidManifest.xml:26:5-110
24-->[com.google.android.gms:play-services-measurement:21.5.1] AndroidManifest.xml:26:22-107
25
26    <permission
26-->[androidx.core:core:1.9.0] AndroidManifest.xml:22:5-24:47
27        android:name="com.firebasedemo.DYNAMIC_RECEIVER_NOT_EXPORTED_PERMISSION"
27-->[androidx.core:core:1.9.0] AndroidManifest.xml:23:9-81
28        android:protectionLevel="signature" />
28-->[androidx.core:core:1.9.0] AndroidManifest.xml:24:9-44
29
30    <uses-permission android:name="com.firebasedemo.DYNAMIC_RECEIVER_NOT_EXPORTED_PERMISSION" />
30-->[androidx.core:core:1.9.0] AndroidManifest.xml:26:5-97
30-->[androidx.core:core:1.9.0] AndroidManifest.xml:26:22-94
31    <uses-permission android:name="android.permission.USE_FULL_SCREEN_INTENT" />
31-->[app.notifee:core:202108261754] AndroidManifest.xml:16:5-81
31-->[app.notifee:core:202108261754] AndroidManifest.xml:16:22-78
32    <uses-permission android:name="android.permission.SCHEDULE_EXACT_ALARM" />
32-->[app.notifee:core:202108261754] AndroidManifest.xml:17:5-79
32-->[app.notifee:core:202108261754] AndroidManifest.xml:17:22-76
33    <uses-permission
33-->[app.notifee:core:202108261754] AndroidManifest.xml:18:5-20:38
34        android:name="android.permission.BROADCAST_CLOSE_SYSTEM_DIALOGS"
34-->[app.notifee:core:202108261754] AndroidManifest.xml:19:9-73
35        android:maxSdkVersion="30" /> <!-- For Xiaomi devices to enable heads-up notifications as default (https://github.com/invertase/notifee/issues/296) -->
35-->[app.notifee:core:202108261754] AndroidManifest.xml:20:9-35
36    <uses-permission
36-->[app.notifee:core:202108261754] AndroidManifest.xml:22:5-24:38
37        android:name="android.permission.ACCESS_NOTIFICATION_POLICY"
37-->[app.notifee:core:202108261754] AndroidManifest.xml:23:9-69
38        android:minSdkVersion="23" />
38-->[app.notifee:core:202108261754] AndroidManifest.xml:24:9-35
39
40    <application
40-->src/main/AndroidManifest.xml:7:5-26:19
41        android:name="com.firebasedemo.MainApplication"
41-->src/main/AndroidManifest.xml:8:7-38
42        android:allowBackup="false"
42-->src/main/AndroidManifest.xml:12:7-34
43        android:appComponentFactory="androidx.core.app.CoreComponentFactory"
43-->[androidx.core:core:1.9.0] AndroidManifest.xml:28:18-86
44        android:debuggable="true"
45        android:icon="@mipmap/ic_launcher"
45-->src/main/AndroidManifest.xml:10:7-41
46        android:label="@string/app_name"
46-->src/main/AndroidManifest.xml:9:7-39
47        android:roundIcon="@mipmap/ic_launcher_round"
47-->src/main/AndroidManifest.xml:11:7-52
48        android:theme="@style/AppTheme"
48-->src/main/AndroidManifest.xml:13:7-38
49        android:usesCleartextTraffic="true" >
49-->src/debug/AndroidManifest.xml:8:9-44
50        <activity
50-->src/debug/AndroidManifest.xml:11:9-111
51            android:name="com.facebook.react.devsupport.DevSettingsActivity"
51-->src/debug/AndroidManifest.xml:11:19-83
52            android:exported="false" />
52-->src/debug/AndroidManifest.xml:11:84-108
53        <activity
53-->src/main/AndroidManifest.xml:14:7-25:18
54            android:name="com.firebasedemo.MainActivity"
54-->src/main/AndroidManifest.xml:15:9-37
55            android:configChanges="keyboard|keyboardHidden|orientation|screenLayout|screenSize|smallestScreenSize|uiMode"
55-->src/main/AndroidManifest.xml:17:9-118
56            android:exported="true"
56-->src/main/AndroidManifest.xml:20:9-32
57            android:label="@string/app_name"
57-->src/main/AndroidManifest.xml:16:9-41
58            android:launchMode="singleTask"
58-->src/main/AndroidManifest.xml:18:9-40
59            android:windowSoftInputMode="adjustResize" >
59-->src/main/AndroidManifest.xml:19:9-51
60            <intent-filter>
60-->src/main/AndroidManifest.xml:21:9-24:25
61                <action android:name="android.intent.action.MAIN" />
61-->src/main/AndroidManifest.xml:22:13-65
61-->src/main/AndroidManifest.xml:22:21-62
62
63                <category android:name="android.intent.category.LAUNCHER" />
63-->src/main/AndroidManifest.xml:23:13-73
63-->src/main/AndroidManifest.xml:23:23-70
64            </intent-filter>
65        </activity>
66
67        <provider
67-->[:notifee_react-native] AndroidManifest.xml:8:9-12:40
68            android:name="io.invertase.notifee.NotifeeInitProvider"
68-->[:notifee_react-native] AndroidManifest.xml:9:13-68
69            android:authorities="com.firebasedemo.notifee-init-provider"
69-->[:notifee_react-native] AndroidManifest.xml:10:13-73
70            android:exported="false"
70-->[:notifee_react-native] AndroidManifest.xml:11:13-37
71            android:initOrder="-100" />
71-->[:notifee_react-native] AndroidManifest.xml:12:13-37
72
73        <service
73-->[:react-native-firebase_messaging] AndroidManifest.xml:12:9-14:40
74            android:name="io.invertase.firebase.messaging.ReactNativeFirebaseMessagingHeadlessService"
74-->[:react-native-firebase_messaging] AndroidManifest.xml:13:13-103
75            android:exported="false" />
75-->[:react-native-firebase_messaging] AndroidManifest.xml:14:13-37
76        <service
76-->[:react-native-firebase_messaging] AndroidManifest.xml:15:9-21:19
77            android:name="io.invertase.firebase.messaging.ReactNativeFirebaseMessagingService"
77-->[:react-native-firebase_messaging] AndroidManifest.xml:16:13-95
78            android:exported="false" >
78-->[:react-native-firebase_messaging] AndroidManifest.xml:17:13-37
79            <intent-filter>
79-->[:react-native-firebase_messaging] AndroidManifest.xml:18:13-20:29
80                <action android:name="com.google.firebase.MESSAGING_EVENT" />
80-->[:react-native-firebase_messaging] AndroidManifest.xml:19:17-78
80-->[:react-native-firebase_messaging] AndroidManifest.xml:19:25-75
81            </intent-filter>
82        </service>
83
84        <receiver
84-->[:react-native-firebase_messaging] AndroidManifest.xml:23:9-30:20
85            android:name="io.invertase.firebase.messaging.ReactNativeFirebaseMessagingReceiver"
85-->[:react-native-firebase_messaging] AndroidManifest.xml:24:13-96
86            android:exported="true"
86-->[:react-native-firebase_messaging] AndroidManifest.xml:25:13-36
87            android:permission="com.google.android.c2dm.permission.SEND" >
87-->[:react-native-firebase_messaging] AndroidManifest.xml:26:13-73
88            <intent-filter>
88-->[:react-native-firebase_messaging] AndroidManifest.xml:27:13-29:29
89                <action android:name="com.google.android.c2dm.intent.RECEIVE" />
89-->[:react-native-firebase_messaging] AndroidManifest.xml:28:17-81
89-->[:react-native-firebase_messaging] AndroidManifest.xml:28:25-78
90            </intent-filter>
91        </receiver>
92
93        <meta-data
93-->[:react-native-firebase_messaging] AndroidManifest.xml:32:9-34:37
94            android:name="firebase_messaging_auto_init_enabled"
94-->[:react-native-firebase_messaging] AndroidManifest.xml:33:13-64
95            android:value="false" />
95-->[:react-native-firebase_messaging] AndroidManifest.xml:34:13-34
96        <meta-data
96-->[:react-native-firebase_messaging] AndroidManifest.xml:35:9-37:32
97            android:name="com.google.firebase.messaging.default_notification_channel_id"
97-->[:react-native-firebase_messaging] AndroidManifest.xml:36:13-89
98            android:value="" />
98-->[:react-native-firebase_messaging] AndroidManifest.xml:37:13-29
99        <meta-data
99-->[:react-native-firebase_messaging] AndroidManifest.xml:38:9-40:47
100            android:name="com.google.firebase.messaging.default_notification_color"
100-->[:react-native-firebase_messaging] AndroidManifest.xml:39:13-84
101            android:resource="@color/white" />
101-->[:react-native-firebase_messaging] AndroidManifest.xml:40:13-44
102        <meta-data
102-->[:react-native-firebase_app] AndroidManifest.xml:9:9-11:36
103            android:name="app_data_collection_default_enabled"
103-->[:react-native-firebase_app] AndroidManifest.xml:10:13-63
104            android:value="true" />
104-->[:react-native-firebase_app] AndroidManifest.xml:11:13-33
105
106        <service
106-->[:react-native-firebase_app] AndroidManifest.xml:13:9-21:19
107            android:name="com.google.firebase.components.ComponentDiscoveryService"
107-->[:react-native-firebase_app] AndroidManifest.xml:14:13-84
108            android:directBootAware="true"
108-->[:react-native-firebase_app] AndroidManifest.xml:15:13-43
109            android:exported="false" >
109-->[:react-native-firebase_app] AndroidManifest.xml:16:13-37
110            <meta-data
110-->[:react-native-firebase_app] AndroidManifest.xml:18:13-20:85
111                android:name="com.google.firebase.components:io.invertase.firebase.app.ReactNativeFirebaseAppRegistrar"
111-->[:react-native-firebase_app] AndroidManifest.xml:19:17-120
112                android:value="com.google.firebase.components.ComponentRegistrar" />
112-->[:react-native-firebase_app] AndroidManifest.xml:20:17-82
113            <meta-data
113-->[com.google.firebase:firebase-messaging:23.4.1] AndroidManifest.xml:57:13-59:85
114                android:name="com.google.firebase.components:com.google.firebase.messaging.FirebaseMessagingKtxRegistrar"
114-->[com.google.firebase:firebase-messaging:23.4.1] AndroidManifest.xml:58:17-122
115                android:value="com.google.firebase.components.ComponentRegistrar" />
115-->[com.google.firebase:firebase-messaging:23.4.1] AndroidManifest.xml:59:17-82
116            <meta-data
116-->[com.google.firebase:firebase-messaging:23.4.1] AndroidManifest.xml:60:13-62:85
117                android:name="com.google.firebase.components:com.google.firebase.messaging.FirebaseMessagingRegistrar"
117-->[com.google.firebase:firebase-messaging:23.4.1] AndroidManifest.xml:61:17-119
118                android:value="com.google.firebase.components.ComponentRegistrar" />
118-->[com.google.firebase:firebase-messaging:23.4.1] AndroidManifest.xml:62:17-82
119            <meta-data
119-->[com.google.firebase:firebase-datatransport:18.1.7] AndroidManifest.xml:27:13-29:85
120                android:name="com.google.firebase.components:com.google.firebase.datatransport.TransportRegistrar"
120-->[com.google.firebase:firebase-datatransport:18.1.7] AndroidManifest.xml:28:17-115
121                android:value="com.google.firebase.components.ComponentRegistrar" />
121-->[com.google.firebase:firebase-datatransport:18.1.7] AndroidManifest.xml:29:17-82
122            <meta-data
122-->[com.google.android.gms:play-services-measurement-api:21.5.1] AndroidManifest.xml:37:13-39:85
123                android:name="com.google.firebase.components:com.google.firebase.analytics.connector.internal.AnalyticsConnectorRegistrar"
123-->[com.google.android.gms:play-services-measurement-api:21.5.1] AndroidManifest.xml:38:17-139
124                android:value="com.google.firebase.components.ComponentRegistrar" />
124-->[com.google.android.gms:play-services-measurement-api:21.5.1] AndroidManifest.xml:39:17-82
125            <meta-data
125-->[com.google.firebase:firebase-installations:17.2.0] AndroidManifest.xml:15:13-17:85
126                android:name="com.google.firebase.components:com.google.firebase.installations.FirebaseInstallationsKtxRegistrar"
126-->[com.google.firebase:firebase-installations:17.2.0] AndroidManifest.xml:16:17-130
127                android:value="com.google.firebase.components.ComponentRegistrar" />
127-->[com.google.firebase:firebase-installations:17.2.0] AndroidManifest.xml:17:17-82
128            <meta-data
128-->[com.google.firebase:firebase-installations:17.2.0] AndroidManifest.xml:18:13-20:85
129                android:name="com.google.firebase.components:com.google.firebase.installations.FirebaseInstallationsRegistrar"
129-->[com.google.firebase:firebase-installations:17.2.0] AndroidManifest.xml:19:17-127
130                android:value="com.google.firebase.components.ComponentRegistrar" />
130-->[com.google.firebase:firebase-installations:17.2.0] AndroidManifest.xml:20:17-82
131            <meta-data
131-->[com.google.firebase:firebase-common-ktx:20.4.2] AndroidManifest.xml:12:13-14:85
132                android:name="com.google.firebase.components:com.google.firebase.ktx.FirebaseCommonLegacyRegistrar"
132-->[com.google.firebase:firebase-common-ktx:20.4.2] AndroidManifest.xml:13:17-116
133                android:value="com.google.firebase.components.ComponentRegistrar" />
133-->[com.google.firebase:firebase-common-ktx:20.4.2] AndroidManifest.xml:14:17-82
134            <meta-data
134-->[com.google.firebase:firebase-common:20.4.2] AndroidManifest.xml:35:13-37:85
135                android:name="com.google.firebase.components:com.google.firebase.FirebaseCommonKtxRegistrar"
135-->[com.google.firebase:firebase-common:20.4.2] AndroidManifest.xml:36:17-109
136                android:value="com.google.firebase.components.ComponentRegistrar" />
136-->[com.google.firebase:firebase-common:20.4.2] AndroidManifest.xml:37:17-82
137        </service>
138
139        <provider
139-->[:react-native-firebase_app] AndroidManifest.xml:23:9-27:38
140            android:name="io.invertase.firebase.app.ReactNativeFirebaseAppInitProvider"
140-->[:react-native-firebase_app] AndroidManifest.xml:24:13-88
141            android:authorities="com.firebasedemo.reactnativefirebaseappinitprovider"
141-->[:react-native-firebase_app] AndroidManifest.xml:25:13-86
142            android:exported="false"
142-->[:react-native-firebase_app] AndroidManifest.xml:26:13-37
143            android:initOrder="99" />
143-->[:react-native-firebase_app] AndroidManifest.xml:27:13-35
144
145        <receiver
145-->[com.google.firebase:firebase-messaging:23.4.1] AndroidManifest.xml:29:9-40:20
146            android:name="com.google.firebase.iid.FirebaseInstanceIdReceiver"
146-->[com.google.firebase:firebase-messaging:23.4.1] AndroidManifest.xml:30:13-78
147            android:exported="true"
147-->[com.google.firebase:firebase-messaging:23.4.1] AndroidManifest.xml:31:13-36
148            android:permission="com.google.android.c2dm.permission.SEND" >
148-->[com.google.firebase:firebase-messaging:23.4.1] AndroidManifest.xml:32:13-73
149            <intent-filter>
149-->[:react-native-firebase_messaging] AndroidManifest.xml:27:13-29:29
150                <action android:name="com.google.android.c2dm.intent.RECEIVE" />
150-->[:react-native-firebase_messaging] AndroidManifest.xml:28:17-81
150-->[:react-native-firebase_messaging] AndroidManifest.xml:28:25-78
151            </intent-filter>
152
153            <meta-data
153-->[com.google.firebase:firebase-messaging:23.4.1] AndroidManifest.xml:37:13-39:40
154                android:name="com.google.android.gms.cloudmessaging.FINISHED_AFTER_HANDLED"
154-->[com.google.firebase:firebase-messaging:23.4.1] AndroidManifest.xml:38:17-92
155                android:value="true" />
155-->[com.google.firebase:firebase-messaging:23.4.1] AndroidManifest.xml:39:17-37
156        </receiver>
157        <!--
158             FirebaseMessagingService performs security checks at runtime,
159             but set to not exported to explicitly avoid allowing another app to call it.
160        -->
161        <service
161-->[com.google.firebase:firebase-messaging:23.4.1] AndroidManifest.xml:46:9-53:19
162            android:name="com.google.firebase.messaging.FirebaseMessagingService"
162-->[com.google.firebase:firebase-messaging:23.4.1] AndroidManifest.xml:47:13-82
163            android:directBootAware="true"
163-->[com.google.firebase:firebase-messaging:23.4.1] AndroidManifest.xml:48:13-43
164            android:exported="false" >
164-->[com.google.firebase:firebase-messaging:23.4.1] AndroidManifest.xml:49:13-37
165            <intent-filter android:priority="-500" >
165-->[:react-native-firebase_messaging] AndroidManifest.xml:18:13-20:29
166                <action android:name="com.google.firebase.MESSAGING_EVENT" />
166-->[:react-native-firebase_messaging] AndroidManifest.xml:19:17-78
166-->[:react-native-firebase_messaging] AndroidManifest.xml:19:25-75
167            </intent-filter>
168        </service>
169        <service
169-->[com.google.android.datatransport:transport-backend-cct:3.1.8] AndroidManifest.xml:28:9-34:19
170            android:name="com.google.android.datatransport.runtime.backends.TransportBackendDiscovery"
170-->[com.google.android.datatransport:transport-backend-cct:3.1.8] AndroidManifest.xml:29:13-103
171            android:exported="false" >
171-->[com.google.android.datatransport:transport-backend-cct:3.1.8] AndroidManifest.xml:30:13-37
172            <meta-data
172-->[com.google.android.datatransport:transport-backend-cct:3.1.8] AndroidManifest.xml:31:13-33:39
173                android:name="backend:com.google.android.datatransport.cct.CctBackendFactory"
173-->[com.google.android.datatransport:transport-backend-cct:3.1.8] AndroidManifest.xml:32:17-94
174                android:value="cct" />
174-->[com.google.android.datatransport:transport-backend-cct:3.1.8] AndroidManifest.xml:33:17-36
175        </service>
176        <service
176-->[com.google.android.datatransport:transport-runtime:3.1.8] AndroidManifest.xml:26:9-30:19
177            android:name="com.google.android.datatransport.runtime.scheduling.jobscheduling.JobInfoSchedulerService"
177-->[com.google.android.datatransport:transport-runtime:3.1.8] AndroidManifest.xml:27:13-117
178            android:exported="false"
178-->[com.google.android.datatransport:transport-runtime:3.1.8] AndroidManifest.xml:28:13-37
179            android:permission="android.permission.BIND_JOB_SERVICE" >
179-->[com.google.android.datatransport:transport-runtime:3.1.8] AndroidManifest.xml:29:13-69
180        </service>
181
182        <receiver
182-->[com.google.android.datatransport:transport-runtime:3.1.8] AndroidManifest.xml:32:9-34:40
183            android:name="com.google.android.datatransport.runtime.scheduling.jobscheduling.AlarmManagerSchedulerBroadcastReceiver"
183-->[com.google.android.datatransport:transport-runtime:3.1.8] AndroidManifest.xml:33:13-132
184            android:exported="false" />
184-->[com.google.android.datatransport:transport-runtime:3.1.8] AndroidManifest.xml:34:13-37
185
186        <property
186-->[com.google.android.gms:play-services-measurement-api:21.5.1] AndroidManifest.xml:30:9-32:61
187            android:name="android.adservices.AD_SERVICES_CONFIG"
187-->[com.google.android.gms:play-services-measurement-api:21.5.1] AndroidManifest.xml:31:13-65
188            android:resource="@xml/ga_ad_services_config" />
188-->[com.google.android.gms:play-services-measurement-api:21.5.1] AndroidManifest.xml:32:13-58
189
190        <provider
190-->[com.google.firebase:firebase-common:20.4.2] AndroidManifest.xml:23:9-28:39
191            android:name="com.google.firebase.provider.FirebaseInitProvider"
191-->[com.google.firebase:firebase-common:20.4.2] AndroidManifest.xml:24:13-77
192            android:authorities="com.firebasedemo.firebaseinitprovider"
192-->[com.google.firebase:firebase-common:20.4.2] AndroidManifest.xml:25:13-72
193            android:directBootAware="true"
193-->[com.google.firebase:firebase-common:20.4.2] AndroidManifest.xml:26:13-43
194            android:exported="false"
194-->[com.google.firebase:firebase-common:20.4.2] AndroidManifest.xml:27:13-37
195            android:initOrder="100" />
195-->[com.google.firebase:firebase-common:20.4.2] AndroidManifest.xml:28:13-36
196        <provider
196-->[androidx.work:work-runtime:2.8.0] AndroidManifest.xml:29:9-37:20
197            android:name="androidx.startup.InitializationProvider"
197-->[androidx.work:work-runtime:2.8.0] AndroidManifest.xml:30:13-67
198            android:authorities="com.firebasedemo.androidx-startup"
198-->[androidx.work:work-runtime:2.8.0] AndroidManifest.xml:31:13-68
199            android:exported="false" >
199-->[androidx.work:work-runtime:2.8.0] AndroidManifest.xml:32:13-37
200            <meta-data
200-->[androidx.work:work-runtime:2.8.0] AndroidManifest.xml:34:13-36:52
201                android:name="androidx.work.WorkManagerInitializer"
201-->[androidx.work:work-runtime:2.8.0] AndroidManifest.xml:35:17-68
202                android:value="androidx.startup" />
202-->[androidx.work:work-runtime:2.8.0] AndroidManifest.xml:36:17-49
203            <meta-data
203-->[androidx.emoji2:emoji2:1.0.0] AndroidManifest.xml:31:13-33:52
204                android:name="androidx.emoji2.text.EmojiCompatInitializer"
204-->[androidx.emoji2:emoji2:1.0.0] AndroidManifest.xml:32:17-75
205                android:value="androidx.startup" />
205-->[androidx.emoji2:emoji2:1.0.0] AndroidManifest.xml:33:17-49
206            <meta-data
206-->[androidx.lifecycle:lifecycle-process:2.4.0] AndroidManifest.xml:31:13-33:52
207                android:name="androidx.lifecycle.ProcessLifecycleInitializer"
207-->[androidx.lifecycle:lifecycle-process:2.4.0] AndroidManifest.xml:32:17-78
208                android:value="androidx.startup" />
208-->[androidx.lifecycle:lifecycle-process:2.4.0] AndroidManifest.xml:33:17-49
209        </provider>
210
211        <service
211-->[androidx.work:work-runtime:2.8.0] AndroidManifest.xml:39:9-45:35
212            android:name="androidx.work.impl.background.systemalarm.SystemAlarmService"
212-->[androidx.work:work-runtime:2.8.0] AndroidManifest.xml:40:13-88
213            android:directBootAware="false"
213-->[androidx.work:work-runtime:2.8.0] AndroidManifest.xml:41:13-44
214            android:enabled="@bool/enable_system_alarm_service_default"
214-->[androidx.work:work-runtime:2.8.0] AndroidManifest.xml:42:13-72
215            android:exported="false" />
215-->[androidx.work:work-runtime:2.8.0] AndroidManifest.xml:43:13-37
216        <service
216-->[androidx.work:work-runtime:2.8.0] AndroidManifest.xml:46:9-52:35
217            android:name="androidx.work.impl.background.systemjob.SystemJobService"
217-->[androidx.work:work-runtime:2.8.0] AndroidManifest.xml:47:13-84
218            android:directBootAware="false"
218-->[androidx.work:work-runtime:2.8.0] AndroidManifest.xml:48:13-44
219            android:enabled="@bool/enable_system_job_service_default"
219-->[androidx.work:work-runtime:2.8.0] AndroidManifest.xml:49:13-70
220            android:exported="true"
220-->[androidx.work:work-runtime:2.8.0] AndroidManifest.xml:50:13-36
221            android:permission="android.permission.BIND_JOB_SERVICE" />
221-->[androidx.work:work-runtime:2.8.0] AndroidManifest.xml:51:13-69
222        <service
222-->[androidx.work:work-runtime:2.8.0] AndroidManifest.xml:53:9-59:35
223            android:name="androidx.work.impl.foreground.SystemForegroundService"
223-->[androidx.work:work-runtime:2.8.0] AndroidManifest.xml:54:13-81
224            android:directBootAware="false"
224-->[androidx.work:work-runtime:2.8.0] AndroidManifest.xml:55:13-44
225            android:enabled="@bool/enable_system_foreground_service_default"
225-->[androidx.work:work-runtime:2.8.0] AndroidManifest.xml:56:13-77
226            android:exported="false" />
226-->[androidx.work:work-runtime:2.8.0] AndroidManifest.xml:57:13-37
227
228        <receiver
228-->[androidx.work:work-runtime:2.8.0] AndroidManifest.xml:61:9-66:35
229            android:name="androidx.work.impl.utils.ForceStopRunnable$BroadcastReceiver"
229-->[androidx.work:work-runtime:2.8.0] AndroidManifest.xml:62:13-88
230            android:directBootAware="false"
230-->[androidx.work:work-runtime:2.8.0] AndroidManifest.xml:63:13-44
231            android:enabled="true"
231-->[androidx.work:work-runtime:2.8.0] AndroidManifest.xml:64:13-35
232            android:exported="false" />
232-->[androidx.work:work-runtime:2.8.0] AndroidManifest.xml:65:13-37
233        <receiver
233-->[androidx.work:work-runtime:2.8.0] AndroidManifest.xml:67:9-77:20
234            android:name="androidx.work.impl.background.systemalarm.ConstraintProxy$BatteryChargingProxy"
234-->[androidx.work:work-runtime:2.8.0] AndroidManifest.xml:68:13-106
235            android:directBootAware="false"
235-->[androidx.work:work-runtime:2.8.0] AndroidManifest.xml:69:13-44
236            android:enabled="false"
236-->[androidx.work:work-runtime:2.8.0] AndroidManifest.xml:70:13-36
237            android:exported="false" >
237-->[androidx.work:work-runtime:2.8.0] AndroidManifest.xml:71:13-37
238            <intent-filter>
238-->[androidx.work:work-runtime:2.8.0] AndroidManifest.xml:73:13-76:29
239                <action android:name="android.intent.action.ACTION_POWER_CONNECTED" />
239-->[androidx.work:work-runtime:2.8.0] AndroidManifest.xml:74:17-87
239-->[androidx.work:work-runtime:2.8.0] AndroidManifest.xml:74:25-84
240                <action android:name="android.intent.action.ACTION_POWER_DISCONNECTED" />
240-->[androidx.work:work-runtime:2.8.0] AndroidManifest.xml:75:17-90
240-->[androidx.work:work-runtime:2.8.0] AndroidManifest.xml:75:25-87
241            </intent-filter>
242        </receiver>
243        <receiver
243-->[androidx.work:work-runtime:2.8.0] AndroidManifest.xml:78:9-88:20
244            android:name="androidx.work.impl.background.systemalarm.ConstraintProxy$BatteryNotLowProxy"
244-->[androidx.work:work-runtime:2.8.0] AndroidManifest.xml:79:13-104
245            android:directBootAware="false"
245-->[androidx.work:work-runtime:2.8.0] AndroidManifest.xml:80:13-44
246            android:enabled="false"
246-->[androidx.work:work-runtime:2.8.0] AndroidManifest.xml:81:13-36
247            android:exported="false" >
247-->[androidx.work:work-runtime:2.8.0] AndroidManifest.xml:82:13-37
248            <intent-filter>
248-->[androidx.work:work-runtime:2.8.0] AndroidManifest.xml:84:13-87:29
249                <action android:name="android.intent.action.BATTERY_OKAY" />
249-->[androidx.work:work-runtime:2.8.0] AndroidManifest.xml:85:17-77
249-->[androidx.work:work-runtime:2.8.0] AndroidManifest.xml:85:25-74
250                <action android:name="android.intent.action.BATTERY_LOW" />
250-->[androidx.work:work-runtime:2.8.0] AndroidManifest.xml:86:17-76
250-->[androidx.work:work-runtime:2.8.0] AndroidManifest.xml:86:25-73
251            </intent-filter>
252        </receiver>
253        <receiver
253-->[androidx.work:work-runtime:2.8.0] AndroidManifest.xml:89:9-99:20
254            android:name="androidx.work.impl.background.systemalarm.ConstraintProxy$StorageNotLowProxy"
254-->[androidx.work:work-runtime:2.8.0] AndroidManifest.xml:90:13-104
255            android:directBootAware="false"
255-->[androidx.work:work-runtime:2.8.0] AndroidManifest.xml:91:13-44
256            android:enabled="false"
256-->[androidx.work:work-runtime:2.8.0] AndroidManifest.xml:92:13-36
257            android:exported="false" >